Log started at 17.11.2025	22:53:48
Number of used processors (NPROC): 16.
Number of mesh partitions (NPART): 16.
Total Physical Memory = 7.78 Gb, Available Physical Memory = 1.16 Gb
Computer name:	ALLIECATCOMP
Operating system:	Windows 11 (or higher) (Version 10.0.26100)

Commandline:	"C:\Program Files\SOLIDWORKS Corp\SOLIDWORKS\FloXpress\bin\efdsolver.exe" /config:"C:\Users\aleiz\OneDrive\Documents\Science-Module\2025\Soil Processing\fxp\2\2.xmlconfig" /guid:723ecb7a-e442-47ac-94bb-862bbbb964c4 /processors:max /m /s /prjnamelm:"FloXpress 2025" /prjnamehabout:"FloXpress 2025" /companyname:"FLOEFD" /prjaliasid:1302 /lang:english /port:64590

SOLIDWORKS 2025 SP4.1
FloXpress 2025  x64 / 6784

Project: C:\Users\aleiz\OneDrive\Documents\Science-Module\2025\Soil Processing\fxp\2\2.xmlconfig
Configuration name: Default
Project name: 
Problem type: internal-type
Exclude cavities without flow conditions: OFF
NGK: OFF
MBO: OFF
-----------------------------------------------------------------------
Mesher option run = eRunMesherNormal
-----------------------------------------------------------------------

Mesh generation started:	17.11.2025	22:53:48
-----------------------------------------------------------------------
Memory Working Set Current = 17.32 Mb, Memory Working Set Peak = 17.32 Mb
Memory Private Bytes Current = 12.53 Mb, Memory Private Bytes Peak = 12.53 Mb
Process Threads Number: 8
-----------------------------------------------------------------------
Mesher adjust APD = OFF; AdjustAPD_method=0; N_per_Channel = 0; N2_per_Channel = 0
Current CPU = 0 sec
-----------------------------------------------------------------------
Geometries initialization:
-----------------------------------------------------------------------
Loading mesh settings (global/local)...
-----------------------------------------------------------------------
Number of geometries from DB: 1
Geometry(0):
	Guid = {00000000-0000-0000-0000-000000000000}
	Fluid..
	2 Bodies.
	1 Real body.
	-- Bodyset 0 --
		Tolerance=2.63965e-06.
		15 Face(s).
			15 of b-spline type.
		0 Face(s) that have no ref faces
		10 Plane surface(s).
		4 Cylinder surface(s).
		1 Sphere surface(s).
		54180 Triangle(s).
		Getting triangle connectivities from DB: 0.005 s
		20 Edge(s).
			20 of b-spline type.
		BodyGeom reading: 0.033 s.
		9 Reference Face(s).
		54168 Reference Triangles.
		Getting triangle connectivities from DB (Ref): 0.004 s
		BodyGeom Ref reading: 0.009 s.
Geometry(1):
	Solid.
	-- Bodyset 1 --
	Empty
-----------------------------------------------------------------------
Calculating t-connected sets:
BodySet (0):
		Number of t-connected sets:3 (cavity=1)
BodySet (1):
no log info (empty stream)

Calculating t-connected sets takes 0.010 s
-----------------------------------------------------------------------
Number of geometries in task: 2
	G : 0	Type: Fluid	Bodies: 1		Faces: 15		Edges: 20		Triangles: 54180
	G : 1	Type: Solid	Bodies: 0		Faces: 0		Edges: 0		Triangles: 0
Number of bodysets in task: 2

Bodies:     1
Faces:      15
Edges:      20
Triangles:  54180
-----------------------------------------------------------------------
BodySet (0):
	Making hash and connectivity for Bodyset ...
		CBodyGeom:
		Hashing triangles...Ok.
		Hash size: {72, 18, 72}.
		Mesh size: {18, 18, 18}.
			axis(0) tr sizes: average=87 max=905
			axis(1) tr sizes: average=30 max=748
			axis(2) tr sizes: average=84 max=902
		CBodyGeomRef:
		Hashing triangles...Ok.
		Hash size: {18, 18, 18}.
		Mesh size: {18, 18, 18}.
			axis(0) tr sizes: average=272 max=2082
			axis(1) tr sizes: average=270 max=1738
			axis(2) tr sizes: average=271 max=2079
	0.0441 s.
Geometries reading and preparing has taken 0.126 s.
-----------------------------------------------------------------------
Mapped triangles:
Hashing rough geometry(bodies) triangulation:
BodySet (0):
	Triangles num=54180
	Triangles box={-0.00714048 ,0.00714048 ,-0.00714048 ,0.00714048 ,-0.00714048 ,0.00714048}
		3d-hash size is 364204 bytes
BodySet (1):
no log info (empty stream)

Hashing peculiar surfaces triangles:
Surface triangles (0):
	Triangles num=17
	Triangles box={-0.000374513 ,0.000381 ,-0.000379375 ,0.000379375 ,-0.002032 ,-0.002032}
		3d-hash size is 23484 bytes
Surface triangles (1):
	Triangles num=10608
	Triangles box={-0.007112 ,0.007112 ,-0.007112 ,0.007112 ,-0.007112 ,0.007112}
		3d-hash size is 118912 bytes

MMP (mapped_tr): locals=4, allc_sz=5.37 MB (0.00 MB), used_sz=5.20 MB, blk_sz=(0.07 MB/0.25 MB), blks-min-max=6/24 (big 0/0)
Free work mem pool...OK (0.002 s)
Mapped triangles processed in 0.051 s.
-----------------------------------------------------------------------
-----------------------------------------------------------------------
Getting sectors:
Number of sectors: 0
-----------------------------------------------------------------------
Current CPU = 0 sec
-----------------------------------------------------------------------
Memory Working Set Current = 53.75 Mb, Memory Working Set Peak = 72.15 Mb
Memory Private Bytes Current = 57.05 Mb, Memory Private Bytes Peak = 78.13 Mb
Process Threads Number: 23
-----------------------------------------------------------------------
-----------------------------------------------------------------------
Checking faces on CD...
FCD = [0 0 0 0 0 0]
FCD_conflicts = 0
Time (check faces on CD)=0.001 s
-----------------------------------------------------------------------

-----------------------------------------------------------------------
Mesh dimensions:
				I[0 ]=18
				I[1 ]=18
				I[2 ]=18

Comp. domain size:
				a[0  ]=-0.00712622
				a[1  ]=0.00712622
				a[2  ]=-0.00712622
				a[3  ]=0.00712622
				a[4  ]=-0.00712622
				a[5  ]=0.00712622

Fluid calculated			1
Solid calculated			0
-----------------------------------------------------------------------
MESH Build started...
-----------------------------------------------------------------------
Mesh LEVEL = 2
-----------------------------------------------------------------------
-----------------------------------------------------------------------
CPT-mode xeps:
	D / dh / eps [axis=0] = (0.0142524, 0.000197888, 1.97888e-07)
	D / dh / eps [axis=1] = (0.0142524, 0.000197897, 1.97897e-07)
	D / dh / eps [axis=2] = (0.0142524, 0.000197905, 1.97905e-07)
-----------------------------------------------------------------------
Initial allocation and brick-body-box intersection...OK (0.000 s)
Initial triangle brick intersection...OK (0.000 s)
Setting regions (5832 / 5832)...OK (0.000 s)
-----------------------------------------------------------------------
Base mesh info:
	3D task
	Nx=18
	Ny=18
	Nz=18
	N(Nx*Ny*Nz) = 324
	Period    axis=[0, 0, 0]
	Symmetry  ni=[0 0 0 0 0 0]
	ZoomingBC ni=[0 0 0 0 0 0]
	Nx=18
		x[0]=-0.00712622
		x[1]=-0.00633417
		x[2]=-0.00554237
		x[3]=-0.00475057
		x[4]=-0.00395876
		x[5]=-0.00316696
		x[6]=-0.00237516
		x[7]=-0.00158336
		x[8]=-0.000791554
		x[9]=2.48674e-07
		x[10]=0.000792051
		x[11]=0.00158385
		x[12]=0.00237566
		x[13]=0.00316746
		x[14]=0.00395926
		x[15]=0.00475106
		x[16]=0.00554287
		x[17]=0.00633467
		x[18]=0.00712622
	Ny=18
		y[0]=-0.00712622
		y[1]=-0.00633421
		y[2]=-0.0055424
		y[3]=-0.0047506
		y[4]=-0.0039588
		y[5]=-0.003167
		y[6]=-0.00237519
		y[7]=-0.00158339
		y[8]=-0.000791587
		y[9]=2.15176e-07
		y[10]=0.000792018
		y[11]=0.00158382
		y[12]=0.00237562
		y[13]=0.00316743
		y[14]=0.00395923
		y[15]=0.00475103
		y[16]=0.00554283
		y[17]=0.00633464
		y[18]=0.00712622
	Nz=18
		z[0]=-0.00712622
		z[1]=-0.00633424
		z[2]=-0.00554244
		z[3]=-0.00475063
		z[4]=-0.00395883
		z[5]=-0.00316703
		z[6]=-0.00237523
		z[7]=-0.00158342
		z[8]=-0.00079162
		z[9]=1.82277e-07
		z[10]=0.000791985
		z[11]=0.00158379
		z[12]=0.00237559
		z[13]=0.00316739
		z[14]=0.0039592
		z[15]=0.004751
		z[16]=0.0055428
		z[17]=0.0063346
		z[18]=0.00712622
-----------------------------------------------------------------------
Input_mesh_settings--------------------------------
Settings 0----------------
	Scope: GLOBAL
	Type:	------MESHER_SETTINGS----------
	RefAllCells           =0
	RefFluidCells         =0
	RefPartCells          =0
	RefSolidCells         =0
	l_SSFR(Capture crit)  =2
	l_curv(Curvature crit)=0
	l_tol(Tolerance crit) =2
	  k_tol               =0.000192786
	UseChannelRef         =1
	  NCR_method          =0
	  l_NCR               =2
	  N_gap               =7
	  Use d_NCR_min       =0
	  Use d_NCR_max       =0
	CloseThinSlotsHeight         =0
	--END_OF_MESHER_SETTINGS-------
End of input mesh settings-------------------------
-----------------------------------------------------------------------
Memory Working Set Current = 54.91 Mb, Memory Working Set Peak = 72.15 Mb
Memory Private Bytes Current = 58.48 Mb, Memory Private Bytes Peak = 78.13 Mb
Process Threads Number: 23
-----------------------------------------------------------------------
MMP (gbs): locals=3, allc_sz=33.85 MB (0.00 MB), used_sz=31.48 MB, blk_sz=(0.09 MB/5.99 MB), blks-min-max=2/10 (big 0/0)
MMP (cpt_rgs): locals=0, allc_sz=0.00 MB (0.00 MB), used_sz=0.00 MB, blk_sz=(0.00 MB/0.00 MB), blks-min-max=0/0 (big 0/0)
MMP (slv_rgs): locals=0, allc_sz=0.00 MB (0.00 MB), used_sz=0.00 MB, blk_sz=(0.00 MB/0.00 MB), blks-min-max=0/0 (big 0/0)
MMP (msh): locals=15, allc_sz=1.17 MB (0.00 MB), used_sz=0.67 MB, blk_sz=(0.02 MB/0.34 MB), blks-min-max=1/4 (big 0/0)
MMP (brx): locals=16, allc_sz=0.67 MB (0.00 MB), used_sz=0.44 MB, blk_sz=(0.02 MB/0.02 MB), blks-min-max=1/4 (big 0/0)
MMP (bcf): locals=0, allc_sz=0.00 MB (0.00 MB), used_sz=0.00 MB, blk_sz=(0.00 MB/0.00 MB), blks-min-max=0/0 (big 0/0)
MMP (xsl): locals=1, allc_sz=0.02 MB (0.00 MB), used_sz=0.00 MB, blk_sz=(0.02 MB/0.02 MB), blks-min-max=1/1 (big 0/0)
NxNyNz = [18, 18, 18]
base_dx=0.000791803; 
NxNyNz_reverse = [18, 18, 18]

-----------------------------------------------------------------------
Refining geometries:
-----------------------------------------------------------------------

-----------------------------------------------------------------------
Refining by triangulation...
Refinement input: 5832 bricks
	Checking crit (5832 / 5832)...28 marked (0.027 s)
	Time(refinement): 0.000 s
Setting regions (224 / 6028)...OK (0.000 s)
	Checking crit (224 / 6028)...4 marked (0.002 s)
	Time(refinement): 0.000 s
Setting regions (32 / 6056)...OK (0.000 s)
	Checking crit (0 / 6056)...0 marked (0.000 s)
Refinement result (2 iterations): 6056 bricks (0.032 s)
Refinement input: 6056 bricks
	Checking crit (6024 / 6056)...0 marked (0.001 s)
Refinement result (0 iterations): 6056 bricks (0.001 s)
Collecting and processing rays:
	Adding rays...OK (0.001 s)
	Adding flags...OK (0.000 s)
	new bricks = 6056 / 6056
	new rays   = 1250 (x=425, y=414, z=411)
	Processing rays...
		Rays process: Total time: 0.004, count: 1, Average time: 0.004, Maximum time: 0.004
		Sort xstacks: Total time: 0.001, count: 1, Average time: 0.001, Maximum time: 0.001
		Put xstacks:  Total time: 0.001, count: 1, Average time: 0.001, Maximum time: 0.001
		Total:         0.006 s
	Correcting rays...
		Lame vertices: Total time: 0.001, count: 1, Average time: 0.001, Maximum time: 0.001
		Bad rays:      No data
		Emit rays:     No data
		Correct ray f: No data
		Undef:         Total time: 0.000, count: 1, Average time: 0.000, Maximum time: 0.000
		Sum:           Total time: 0.001, count: 1, Average time: 0.001, Maximum time: 0.001
		Total:         0.003 s
	Time (rays): 0.012 s
	Calls                1250
	CorrectRay Calls     0
Capturing (6056 / 6056)...
Capturing takes (0.002 s)
Refining by triangulation takes 0.047 s
-----------------------------------------------------------------------

-----------------------------------------------------------------------
Refining 2 peculiar surfaces...
Refinement input: 6056 bricks
	Time(refinement): 0.000 s
Setting regions (32 / 6084)...OK (0.000 s)
Refinement result (1 iterations): 6084 bricks (0.001 s)
Collecting and processing rays:
	Adding rays...OK (0.000 s)
	Adding flags...OK (0.000 s)
	new bricks = 32 / 6084
	new rays   = 18 (x=9, y=9, z=0)
	Processing rays...
		Rays process: Total time: 0.000, count: 1, Average time: 0.000, Maximum time: 0.000
		Sort xstacks: Total time: 0.000, count: 1, Average time: 0.000, Maximum time: 0.000
		Put xstacks:  Total time: 0.000, count: 1, Average time: 0.000, Maximum time: 0.000
		Total:         0.001 s
	Correcting rays...
		Lame vertices: Total time: 0.000, count: 1, Average time: 0.000, Maximum time: 0.000
		Bad rays:      No data
		Emit rays:     No data
		Correct ray f: No data
		Undef:         Total time: 0.000, count: 1, Average time: 0.000, Maximum time: 0.000
		Sum:           Total time: 0.000, count: 1, Average time: 0.000, Maximum time: 0.000
		Total:         0.002 s
	Time (rays): 0.005 s
	Calls                18
	CorrectRay Calls     0
Capturing (32 / 6084)...
Capturing takes (0.000 s)
1 surfaces refined
Refining peculiar surfaces takes 0.008 s
-----------------------------------------------------------------------

-----------------------------------------------------------------------
Base mesh 1 Refining...
Collecting and processing rays:
	Adding rays...OK (0.000 s)
	Adding flags...OK (0.000 s)
	new bricks = 0 / 6084
	new rays   = 0 (x=0, y=0, z=0)
	Processing rays...
		Rays process: Total time: 0.000, count: 1, Average time: 0.000, Maximum time: 0.000
		Sort xstacks: Total time: 0.000, count: 1, Average time: 0.000, Maximum time: 0.000
		Put xstacks:  Total time: 0.000, count: 1, Average time: 0.000, Maximum time: 0.000
		Total:         0.001 s
	Correcting rays...
		Total:         0.000 s
	Time (rays): 0.002 s
	Calls                0
	CorrectRay Calls     0
Capturing (0 / 6084)...
Capturing takes (0.000 s)
Refinement input: 6084 bricks
	Checking crit (6020 / 6084)...0 marked (0.000 s)
Refinement result (0 iterations): 6084 bricks (0.000 s)
-----------------------------------------------------------------------
Refining channels...
FYI: CNarrowChannelRefiner::RefineChannels_PRLL
Refinement input: 6084 bricks
	Time(refinement): 0.001 s
Setting regions (6088 / 11411)...OK (0.000 s)
Refinement result (1 iterations): 11411 bricks (0.002 s)
Collecting and processing rays:
	Adding rays...OK (0.001 s)
	Adding flags...OK (0.001 s)
	new bricks = 6088 / 11411
	new rays   = 1674 (x=446, y=482, z=746)
	Processing rays...
		Rays process: Total time: 0.003, count: 1, Average time: 0.003, Maximum time: 0.003
		Sort xstacks: Total time: 0.001, count: 1, Average time: 0.001, Maximum time: 0.001
		Put xstacks:  Total time: 0.001, count: 1, Average time: 0.001, Maximum time: 0.001
		Total:         0.005 s
	Correcting rays...
		Lame vertices: Total time: 0.001, count: 1, Average time: 0.001, Maximum time: 0.001
		Bad rays:      No data
		Emit rays:     No data
		Correct ray f: No data
		Undef:         Total time: 0.000, count: 1, Average time: 0.000, Maximum time: 0.000
		Sum:           Total time: 0.001, count: 1, Average time: 0.001, Maximum time: 0.001
		Total:         0.002 s
	Time (rays): 0.010 s
	Calls                1674
	CorrectRay Calls     0
Capturing (6088 / 11411)...
Capturing takes (0.001 s)
FYI: m_iteration_count = 0
Level1 statistics:
     level1_cnt_plus[1]=6088;		level1_cnt_minus[1]=0
     level1_cnt_plus[2]=0;		level1_cnt_minus[2]=0
     level1_cnt_plus[3]=0;		level1_cnt_minus[3]=0
     level1_cnt_plus[4]=0;		level1_cnt_minus[4]=0
     level1_cnt_plus[5]=0;		level1_cnt_minus[5]=0
     level1_cnt_plus[6]=0;		level1_cnt_minus[6]=0
     level1_cnt_plus[7]=0;		level1_cnt_minus[7]=0
     level1_cnt_plus[8]=0;		level1_cnt_minus[8]=0
     level1_cnt_plus[9]=0;		level1_cnt_minus[9]=0
Refinement input: 11411 bricks
	Time(refinement): 0.000 s
Setting regions (424 / 11782)...OK (0.000 s)
Refinement result (1 iterations): 11782 bricks (0.001 s)
Collecting and processing rays:
	Adding rays...OK (0.000 s)
	Adding flags...OK (0.000 s)
	new bricks = 424 / 11782
	new rays   = 89 (x=45, y=44, z=0)
	Processing rays...
		Rays process: Total time: 0.000, count: 1, Average time: 0.000, Maximum time: 0.000
		Sort xstacks: Total time: 0.000, count: 1, Average time: 0.000, Maximum time: 0.000
		Put xstacks:  Total time: 0.000, count: 1, Average time: 0.000, Maximum time: 0.000
		Total:         0.001 s
	Correcting rays...
		Lame vertices: Total time: 0.000, count: 1, Average time: 0.000, Maximum time: 0.000
		Bad rays:      No data
		Emit rays:     No data
		Correct ray f: No data
		Undef:         Total time: 0.000, count: 1, Average time: 0.000, Maximum time: 0.000
		Sum:           Total time: 0.000, count: 1, Average time: 0.000, Maximum time: 0.000
		Total:         0.001 s
	Time (rays): 0.003 s
	Calls                89
	CorrectRay Calls     0
Capturing (424 / 11782)...
Capturing takes (0.000 s)
FYI: m_iteration_count = 1
Level1 statistics:
     level1_cnt_plus[1]=6512;		level1_cnt_minus[1]=0
     level1_cnt_plus[2]=0;		level1_cnt_minus[2]=0
     level1_cnt_plus[3]=0;		level1_cnt_minus[3]=0
     level1_cnt_plus[4]=0;		level1_cnt_minus[4]=0
     level1_cnt_plus[5]=0;		level1_cnt_minus[5]=0
     level1_cnt_plus[6]=0;		level1_cnt_minus[6]=0
     level1_cnt_plus[7]=0;		level1_cnt_minus[7]=0
     level1_cnt_plus[8]=0;		level1_cnt_minus[8]=0
     level1_cnt_plus[9]=0;		level1_cnt_minus[9]=0
FYI: m_iteration_count = 2
Level1 statistics:
     level1_cnt_plus[1]=6512;		level1_cnt_minus[1]=0
     level1_cnt_plus[2]=0;		level1_cnt_minus[2]=0
     level1_cnt_plus[3]=0;		level1_cnt_minus[3]=0
     level1_cnt_plus[4]=0;		level1_cnt_minus[4]=0
     level1_cnt_plus[5]=0;		level1_cnt_minus[5]=0
     level1_cnt_plus[6]=0;		level1_cnt_minus[6]=0
     level1_cnt_plus[7]=0;		level1_cnt_minus[7]=0
     level1_cnt_plus[8]=0;		level1_cnt_minus[8]=0
     level1_cnt_plus[9]=0;		level1_cnt_minus[9]=0
Refinement input: 11782 bricks
	Time(refinement): 0.000 s
Setting regions (1520 / 13112)...OK (0.000 s)
Refinement result (1 iterations): 13112 bricks (0.002 s)
Collecting and processing rays:
	Adding rays...OK (0.000 s)
	Adding flags...OK (0.000 s)
	new bricks = 1520 / 13112
	new rays   = 448 (x=210, y=68, z=170)
	Processing rays...
		Rays process: Total time: 0.001, count: 1, Average time: 0.001, Maximum time: 0.001
		Sort xstacks: Total time: 0.000, count: 1, Average time: 0.000, Maximum time: 0.000
		Put xstacks:  Total time: 0.000, count: 1, Average time: 0.000, Maximum time: 0.000
		Total:         0.002 s
	Correcting rays...
		Lame vertices: Total time: 0.000, count: 1, Average time: 0.000, Maximum time: 0.000
		Bad rays:      No data
		Emit rays:     No data
		Correct ray f: No data
		Undef:         Total time: 0.000, count: 1, Average time: 0.000, Maximum time: 0.000
		Sum:           Total time: 0.000, count: 1, Average time: 0.000, Maximum time: 0.000
		Total:         0.001 s
	Time (rays): 0.004 s
	Calls                448
	CorrectRay Calls     0
Capturing (1520 / 13112)...
Capturing takes (0.001 s)
FYI: m_iteration_count = 3
Level1 statistics:
     level1_cnt_plus[1]=6952;		level1_cnt_minus[1]=0
     level1_cnt_plus[2]=960;		level1_cnt_minus[2]=0
     level1_cnt_plus[3]=0;		level1_cnt_minus[3]=0
     level1_cnt_plus[4]=0;		level1_cnt_minus[4]=0
     level1_cnt_plus[5]=0;		level1_cnt_minus[5]=0
     level1_cnt_plus[6]=0;		level1_cnt_minus[6]=0
     level1_cnt_plus[7]=0;		level1_cnt_minus[7]=0
     level1_cnt_plus[8]=0;		level1_cnt_minus[8]=0
     level1_cnt_plus[9]=0;		level1_cnt_minus[9]=0
FYI: m_iteration_count = 4
Level1 statistics:
     level1_cnt_plus[1]=6952;		level1_cnt_minus[1]=0
     level1_cnt_plus[2]=960;		level1_cnt_minus[2]=0
     level1_cnt_plus[3]=0;		level1_cnt_minus[3]=0
     level1_cnt_plus[4]=0;		level1_cnt_minus[4]=0
     level1_cnt_plus[5]=0;		level1_cnt_minus[5]=0
     level1_cnt_plus[6]=0;		level1_cnt_minus[6]=0
     level1_cnt_plus[7]=0;		level1_cnt_minus[7]=0
     level1_cnt_plus[8]=0;		level1_cnt_minus[8]=0
     level1_cnt_plus[9]=0;		level1_cnt_minus[9]=0
Level1 statistics:
     level1_cnt_plus[1]=6952;		level1_cnt_minus[1]=0
     level1_cnt_plus[2]=960;		level1_cnt_minus[2]=0
     level1_cnt_plus[3]=0;		level1_cnt_minus[3]=0
     level1_cnt_plus[4]=0;		level1_cnt_minus[4]=0
     level1_cnt_plus[5]=0;		level1_cnt_minus[5]=0
     level1_cnt_plus[6]=0;		level1_cnt_minus[6]=0
     level1_cnt_plus[7]=0;		level1_cnt_minus[7]=0
     level1_cnt_plus[8]=0;		level1_cnt_minus[8]=0
     level1_cnt_plus[9]=0;		level1_cnt_minus[9]=0

-----------------------------------------------------------------------
U-shapes refinement...
Refinement input: 13112 bricks
	Checking crit (11576 / 13112)...0 marked (0.002 s)
Refinement result (0 iterations): 13112 bricks (0.002 s)
Collecting and processing rays:
	Adding rays...OK (0.000 s)
	Adding flags...OK (0.000 s)
	new bricks = 0 / 13112
	new rays   = 0 (x=0, y=0, z=0)
	Processing rays...
		Rays process: Total time: 0.000, count: 1, Average time: 0.000, Maximum time: 0.000
		Sort xstacks: Total time: 0.000, count: 1, Average time: 0.000, Maximum time: 0.000
		Put xstacks:  Total time: 0.000, count: 1, Average time: 0.000, Maximum time: 0.000
		Total:         0.001 s
	Correcting rays...
		Total:         0.000 s
	Time (rays): 0.001 s
	Calls                0
	CorrectRay Calls     0
Capturing (0 / 13112)...
Capturing takes (0.000 s)
-----------------------------------------------------------------------
-----------------------------------------------------------------------
Equi Distant Refiner Objects:
-----------------------------------------------------------------------
-----------------------------------------------------------------------
Equi Distant Refiner:
Equi Distant Refiner takes 0.00 s
-----------------------------------------------------------------------
	Calls                0
	CorrectRay Calls     0

-----------------------------------------------------------------------
Refining geometries takes 0.166 s
-----------------------------------------------------------------------
-----------------------------------------------------------------------
Memory Working Set Current = 86.65 Mb, Memory Working Set Peak = 86.65 Mb
Memory Private Bytes Current = 90.73 Mb, Memory Private Bytes Peak = 90.73 Mb
Process Threads Number: 23
-----------------------------------------------------------------------
Defect ray count	0
-----------------------------------------------------------------------
CNarrowChannelRefiner::RedistributeLevel1_step_1_new: started...
	PrePass:                     8872
	Distribute level_1 on level = 0
	Front spread algorithm. Partition count = 16
	Time (front spread): 0.001 s
	Groups count = 0
	Changed level 1 count = 0
	Distribute level_1 on level = 1
	Front spread algorithm. Partition count = 16
	Time (front spread): 0.001 s
	Groups count = 12
	Changed level 1 count = 0
	Distribute level_1 on level = 2
	Front spread algorithm. Partition count = 16
	Time (front spread): 0.000 s
	Groups count = 2
	Changed level 1 count = 304
	AfterPass:                   9176
CNarrowChannelRefiner::RedistributeLevel1_step_1_new: finished in 0.004 s
Level1 statistics:
     level1_cnt_plus[1]=6648;		level1_cnt_minus[1]=0
     level1_cnt_plus[2]=1264;		level1_cnt_minus[2]=0
     level1_cnt_plus[3]=0;		level1_cnt_minus[3]=0
     level1_cnt_plus[4]=0;		level1_cnt_minus[4]=0
     level1_cnt_plus[5]=0;		level1_cnt_minus[5]=0
     level1_cnt_plus[6]=0;		level1_cnt_minus[6]=0
     level1_cnt_plus[7]=0;		level1_cnt_minus[7]=0
     level1_cnt_plus[8]=0;		level1_cnt_minus[8]=0
     level1_cnt_plus[9]=0;		level1_cnt_minus[9]=0
CNarrowChannelRefiner::RedistributeLevel1_step_2: started...
	PrePass(step2):                     9176
	Brick chains count: 5002
	Level 1 changed: 9334 / 13112
	Sum (level 1 changed): 7556
	AfterPass(step2):                   9574
CNarrowChannelRefiner::RedistributeLevel1_step_2: finished in 0.034 s
Level1 statistics:
     level1_cnt_plus[1]=6630;		level1_cnt_minus[1]=0
     level1_cnt_plus[2]=1472;		level1_cnt_minus[2]=0
     level1_cnt_plus[3]=0;		level1_cnt_minus[3]=0
     level1_cnt_plus[4]=0;		level1_cnt_minus[4]=0
     level1_cnt_plus[5]=0;		level1_cnt_minus[5]=0
     level1_cnt_plus[6]=0;		level1_cnt_minus[6]=0
     level1_cnt_plus[7]=0;		level1_cnt_minus[7]=0
     level1_cnt_plus[8]=0;		level1_cnt_minus[8]=0
     level1_cnt_plus[9]=0;		level1_cnt_minus[9]=0
CNarrowChannelRefiner::RedistributeLevel1_step_3_new: started...
	PrePass(step3):                     9574
	Distribute level_1 on level = 0
	Front spread algorithm. Partition count = 16
	Time (front spread): 0.001 s
	Groups count = 1
	Changed level 1 count = 0
	Distribute level_1 on level = 1
	Front spread algorithm. Partition count = 16
	Time (front spread): 0.000 s
	Groups count = 2
	Changed level 1 count = 10
	Distribute level_1 on level = 2
	Front spread algorithm. Partition count = 16
	Time (front spread): 0.000 s
	Groups count = 0
	Changed level 1 count = 0
	AfterPass(step3):                   9584
CNarrowChannelRefiner::RedistributeLevel1_step_3_new: finished in 0.003 s
Level1 statistics:
     level1_cnt_plus[1]=6630;		level1_cnt_minus[1]=10
     level1_cnt_plus[2]=1472;		level1_cnt_minus[2]=0
     level1_cnt_plus[3]=0;		level1_cnt_minus[3]=0
     level1_cnt_plus[4]=0;		level1_cnt_minus[4]=0
     level1_cnt_plus[5]=0;		level1_cnt_minus[5]=0
     level1_cnt_plus[6]=0;		level1_cnt_minus[6]=0
     level1_cnt_plus[7]=0;		level1_cnt_minus[7]=0
     level1_cnt_plus[8]=0;		level1_cnt_minus[8]=0
     level1_cnt_plus[9]=0;		level1_cnt_minus[9]=0
MMP (ncr): locals=16, allc_sz=29.83 MB (0.00 MB), used_sz=28.41 MB, blk_sz=(0.11 MB/0.23 MB), blks-min-max=20/28 (big 0/0)
-----------------------------------------------------------------------
MSH format builder (Iteration 0)
-----------------------------------------------------------------------
Memory Working Set Current = 69.07 Mb, Memory Working Set Peak = 97.36 Mb
Memory Private Bytes Current = 72.61 Mb, Memory Private Bytes Peak = 100.92 Mb
Process Threads Number: 23
-----------------------------------------------------------------------
Total bricks count: 13112
-----------------------------------------------------------------------
MSH (Real Geometry) format constructor:
	Geom    Count = 2
	Bodyset Count = 2
	3D task
	Getting parser brick sets...OK (0.001 s)

	Min x-stack xeps = 2.84765e-05
	D / dh / eps [axis=0] = (0.0142524, 0.000197951, 1.97951e-07)
	D / dh / eps [axis=1] = (0.0142524, 0.000197951, 1.97951e-07)
	D / dh / eps [axis=2] = (0.0142524, 0.000197951, 1.97951e-07)
	Time (xeps): 0.000 s
Level 2
	Set (0)  size: 768
	Set (0)  time: 0.007 s
	Set (1)  size: 768
	Set (1)  time: 0.005 s
Level 1
	Set (0)  size: 3296
	Set (0)  time: 0.015 s
	Set (1)  size: 3296
	Set (1)  time: 0.018 s
Level 0
	Set (0)  size: 2494
	Set (0)  time: 0.006 s
	Set (1)  size: 2490
	Set (1)  time: 0.007 s

	Spread npq bricks...0 marked (0.000 s)

Result:
	Bricks number:                        13112

	Memory usage:                         2.791 MB
	Memory usage (per brick):             0.218 KB
	Construction time:                    0.062 s

	Topology features:
	------------------
	- High quality bricks                  100.00 % (13112)
	- Medium quality bricks                  0.00 % (0)
	- Bad quality bricks                     0.00 % (0)
	- NPQ bricks                             0.00 % (0)
	- Type-1 bricks                         35.11 % (4604)
	- Ribs corrected bricks                  0.00 % (0)
	- Points with geom-info (bricks)         0.00 % (0)
	- Points with closest-info (bricks)      0.00 % (0)
	- Triangulated by center (bricks)        0.00 % (0)
	- Facet w-faces mergings (bricks)        0.00 % (0)
	- To refine (bricks)                     0.00 % (0)
	- Points-count                           0.00 % (0)
	- T-self-intersection-all (bricks)       0.00 % (0)
	- T-self-intersection-simple (bricks)    0.00 % (0)
	- T-self-intersection-complex (bricks)   0.00 % (0)
	- NPQ by reason 1 u-shape                0.00 % (0)
	- NPQ by reason 2 tri-by-ctr             0.00 % (0)
	- NPQ by reason 3 ray-correction         0.00 % (0)
	- NPQ by reason 4 t-self-intersection    0.00 % (0)
	- NPQ by reason 5 non-good               0.00 % (0)
	- NPQ by reason 6 npq-worker             0.00 % (0)

-----------------------------------------------------------------------
Memory Working Set Current = 81.95 Mb, Memory Working Set Peak = 97.36 Mb
Memory Private Bytes Current = 84.07 Mb, Memory Private Bytes Peak = 100.92 Mb
Process Threads Number: 23
-----------------------------------------------------------------------
-----------------------------------------------------------------------
msh-iterations: 1
-----------------------------------------------------------------------
high---q-brick-count = 100.00 % (13112 13112)
medium-q-brick-count =   0.00 % (13112 0)
bad----q-brick-count =   0.00 % (13112 0)
np-----q-brick-count =   0.00 % (13112 0)
-----------------------------------------------------------------------
Free brick parser storage...OK(0.002 s)
-----------------------------------------------------------------------
Memory Working Set Current = 78.82 Mb, Memory Working Set Peak = 97.36 Mb
Memory Private Bytes Current = 81.61 Mb, Memory Private Bytes Peak = 100.92 Mb
Process Threads Number: 23
-----------------------------------------------------------------------
-----------------------------------------------------------------------
MSH --> BCF format (Iteration 0)...
BCF collector...(remove mode=0)
	Time (alloc counter per brick): 0.001 s
	Brick    count: 13112
	Av.f all count: 9336
	Av.s all count: 8380
	Av.f pid count: 4604
	Av.s pid count: 4604
	Faces fs count: 8548
	Faces ff count: 0
	Faces ss count: 0
	Faces bb count: 0
	Faces fe count: 0
	Faces se count: 2664
	Faces fw count: 11212
	Faces af count: 26950
	Faces as count: 23154
	Time (all count): 	0.003 s
	Time (bcf alloc): 	0.002 s
	Time (shifts alloc): 	0.001 s
	Time (shifts init): 	0.001 s
	Time (bcf fill): 	0.003 s
	Time (add av to faces): 0.000 s
	Time (add faces to av): 0.001 s
Time (bcf collect): 		0.014 s
	AV checker...
		Hole marker...
	Front spread algorithm. Partition count = 16
	Front spread algorithm. Partition count = 16
	Time (front spread): 0.002 s
	Time (front spread): 0.002 s
			Subdomains:               1.
			Subdomains (cond):        1.
			Time (subdomain constructors): 0.002 s.
			Time (potential-hole marking): 	0.000 s
	Front spread algorithm. Partition count = 16
	Time (front spread): 0.001 s
			Hole av set size = 0
			Hole checking...
			Time (hole checking): 0.000 s.
			0 av(s) are marked to fill 0 subdomain holes.
		Time (hole marker): 0.004 s.
	Time (check av): 	0.007 s
	Subdomain checker...
	Front spread algorithm. Partition count = 16
	Time (front spread): 0.001 s
		Subdomains construction time: 0.001 s.
		Subdomains sort time: 0.000 s.
			Subdomain 0 (geom_ind=0): 9336 av
			Subdomain 1 (geom_ind=1): 6948 av
			Subdomain 2 (geom_ind=1): 1432 av
		gi: 0, real bodies: 1
		gi: 0, subdomains:  1
		gi: 1, real bodies: 0
		gi: 1, subdomains:  2
		Defect subdomains: 0
	Time (check subdoms): 	0.003 s
Time (bcf iteration total): 	0.024 s
	Sum of fw-nb: 		4160
	Time (fw-nb): 		0.001 s
	Fixed mutual fw-nb:     4160 (bb: 0)
	Time (fw-nb mutual): 	0.001 s
	Time (fw-nb sort): 	0.000 s
	Fw-opt BEFORE total:    11212 (fs=8548, ff=0, ss=0)
	Fw-opt AFTER  total:    7400 (fs=4736, ff=0, ss=0, failed fw/br=0/0, big_curv=0, big_poly=0)
	Fw-opt RESULT:          3812 (res/(fs+ff+ss) = 44.60 %)
	Time (fw-opt): 		0.002 s
	Time (fw-re-order): 	0.001 s
	Sum of fw-nb: 		15012
	Time (fw-nb): 		0.003 s
	Fixed mutual fw-nb:     15012 (bb: 0)
	Time (fw-nb mutual): 	0.001 s
	Time (fw-nb sort): 	0.000 s
	Time (rfd conservation): 	0.000 s
	Time (rfd correct): 	0.000 s
	Time (av convexity): 	0.002 s
	Time (av small volume): 0.000 s
	Time (diagonal fw-nb): 	0.007 s
	Fixed mutual fw-nb:     0 (bb: 0)
	Time (fw-nb mutual): 	0.001 s
	Time (fw-nb sort): 	0.000 s
	Front spread algorithm. Partition count = 16
	Time (front spread): 0.001 s
	Fluid subdomains: 1
	Faces fw-nb diff sd:    0
	Time (fw-nb diff sd): 	0.001 s
Time (bcf calc): 		0.025 s
-----------------------------------------------------------------------
Time (bcf total): 		0.050 s
-----------------------------------------------------------------------
bcf-iterations: 1
-----------------------------------------------------------------------
-----------------------------------------------------------------------
Mega-cv constructor for fluid...
	 0 av's is treated as thin
Relative size generator (threshold = 0.05)...
	Iteration 1 (small cluster count = 296)
	Iteration 2 (small cluster count = 70)
	Iteration 3 (small cluster count = 16)
	Iteration 4 (small cluster count = 0)
	 287 mega-cv's generated
	 7 mega-cv's removed
Relative size generator is completed OK (0.002 s)
Apply fa-rules to mega-cv clusters fixes...
	Fa-rule violation fixes:       30 of       30 (total cluster# =      292)
OK (0.003 s)
Convert clusters:
	 280 mega-cv's total
Mega-cv count: 280
Time (mega-cv fill): 	0.001 s
Time (mega-cv total): 	0.007 s
-----------------------------------------------------------------------
Mixing plane rotation regions: NO.
Sliding mesh rotation regions: NO.
Fluid/fluid faces: NO.
-----------------------------------------------------------------------
Memory Working Set Current = 88.79 Mb, Memory Working Set Peak = 97.36 Mb
Memory Private Bytes Current = 89.57 Mb, Memory Private Bytes Peak = 100.92 Mb
Process Threads Number: 23
-----------------------------------------------------------------------
----------------------------------------------------------
BCF --> BCF.GEOMSUBDOM (bridge arrays):
MESH (0):
	Front spread algorithm. Partition count = 16
	Time (front spread): 0.001 s
	Fluid Subdom Constructor: 1 subdom(s).
	Front spread algorithm. Partition count = 16
	Time (front spread): 0.001 s
	Solid Subdom Constructor: 2 subdom(s).
	Front spread algorithm. Partition count = 16
	Time (front spread): 0.000 s
	Net Asm Subdom Constructor: 0 subdom(s).
	GEOMSUBDOM (0): gi=0 Fluid av=9336 cv=9038 fa=26950 fw=4736 V=1.486811e-06
	Cache data...OK
	GEOMSUBDOM (1): gi=1 Solid av=6948 cv=6948 fa=19010 fw=6220 V=1.394079e-06
	Cache data...OK
	GEOMSUBDOM (2): gi=1 Solid av=1432 cv=1432 fa=4144 fw=1180 V=1.424199e-08
	Cache data...OK
	Setting nb of w-faces...OK (0.001 s).
	Correcting nb of w-faces...
	Time(correct_fw_nb)=0.002 s

MESH (0) checking:
	GEOMSUBDOM (0):fa_s=0.0065700551916255 fw_s=0.0007030697785708 fw_nb=37600
	              :d_const(5590)=6.48159e-11 d_linear(5590)=1.14284e-10
	GEOMSUBDOM (1):fa_s=0.0053193811303004 fw_s=0.0018532166822215 fw_nb=39008
	              :d_const(2861)=4.00805e-12 d_linear(1867)=1.36106e-11
	GEOMSUBDOM (2):fa_s=0.0001555482585355 fw_s=0.0000686467403055 fw_nb=9408
	              :d_const(778)=1.34795e-10 d_linear(778)=1.93281e-10
MESH (0) checking: OK.
Time (MDS): 	0.022 s
----------------------------------------------------------
-----------------------------------------------------------------------
Memory Working Set Current = 94.47 Mb, Memory Working Set Peak = 97.36 Mb
Memory Private Bytes Current = 96.32 Mb, Memory Private Bytes Peak = 100.92 Mb
Process Threads Number: 23
-----------------------------------------------------------------------

-----------------------------------------------------------------------
BCF CHECKSUM DATA (Mesh 0):

BRICK |Level1| Sum:               9584
FACE_A Area Sum:   G.Fluid        0.0065700551916255
FACE_A Area Sum:   G.Solid        0.0054749293888359
FACE_W Area Sum:                  0.0019218634225270
FACE_W Nb   Sum:                  48416
FACE_W min curvatures sum:        -1935695.50781250
FACE_W max curvatures sum:        -102952.34619141
AV Max Disbalance(Const) :        1.34795e-10 (cid=5012, t={35, 37, 37}, avid=12465, pid=1709)
AV Max Disbalance(Linear):        1.93281e-10 (cid=5012, t={35, 37, 37}, avid=12465, pid=1709)
-----------------------------------------------------------------------


-----------------------------------------------------------------------
MESHER TOPOLOGY DATA:

BRICKS: Total                 13112
BRICKS: Fluid                 9336
BRICKS: Fluid Partial         4604
BRICKS: Type 1                4604
BRICKS: Max AV number         2
BRICKS: |level1| sum          9584


AV:     G.Total               17716
AV:     G.Fluid               9336
AV:     G.Solid               8380

AV:     G.Fluid Thin Profile    0.00 % (0)
AV:     G.Solid Thin Profile    0.00 % (0)

AV:     G.Fluid Thin For Mega   0.00 % (0)
AV:     G.Solid Thin For Mega   0.00 % (0)

AV:     G.Fluid Non-Convex      4.99 % (466)
AV:     G.Solid Non-Convex     30.10 % (2522)

AV:     G.Fluid Non-Ess-Convex      1.16 % (108)
AV:     G.Solid Non-Ess-Convex      0.33 % (28)

FACE_A: G.Fluid          (af) 26950 (partially opened 9340)
FACE_A: G.Solid          (as) 23154 (partially opened 9340)

FACE_W: G.Total                 7400        Brick/Bound
FACE_W: G.Fluid/Solid    (fs_g) 4736        0           
FACE_W: G.Fluid/Fluid    (ff_g) 0           0           
FACE_W: G.Solid/Solid    (ss_g) 0           0           
FACE_W: G.Fluid/Void     (fv_g) 0           0           
FACE_W: G.Fluid/External (fe_g) 0
FACE_W: G.Solid/External (se_g) 2664

AV/CV max fa count (on brick side):5
AV/CV max fw count:                5
AV/CV max fw poly count:           9

MEMORY: Total                   5.606 MB
MEMORY: Per Brick               0.438 KB
-----------------------------------------------------------------------

-----------------------------------------------------------------------
Connectivities information:
	Number of conns: 0
-----------------------------------------------------------------------
	Time (gap size): 	0.005 s
-----------------------------------------------------------------------
Memory Working Set Current = 94.79 Mb, Memory Working Set Peak = 97.36 Mb
Memory Private Bytes Current = 96.32 Mb, Memory Private Bytes Peak = 100.92 Mb
Process Threads Number: 23
-----------------------------------------------------------------------
-----------------------------------------------------------------------
Calculating curvature and tolerance criteria...
Curvature: min=0 (cid=0) max=1.60765 (cid=4889)
Tolerance: min=0 (cid=0) max=0.000162792 (cid=3987)
Calculating curvature and tolerance criteria takes 0.032 s
-----------------------------------------------------------------------
MESH Build(FS) finished. Time=0.431 s
-----------------------------------------------------------------------
Current CPU = 0 sec

Nx=18
Ny=18
Nz=18
Max BRICK Level=2
Mesh Level=2
-----------------CModelBodies2MeshMapper::CollectData started -------------------------------
	Time (collect mesh base data): 0.002 s.
	Time (collect model bodies mapping): 0.000 s.
	Time (collect positive bodies mapping): 0.000 s.
	Time (collect fluid bodies mapping): 0.000 s.
-----------------CModelBodies2MeshMapper Report -------------------------------
FluidDomains 1 SolidDomains 2 VoidDomains 0 
Domains RefIndexes
----------------- -------------------------------
	ModelBodies
Total resolved Bodies 0 BodySets 0

--------------------------------------------------------------------------
	Positive geometry Bodies
Total resolved Bodies 1 BodySets 1
BodySet 0
	Bodies list:
			#0	Name: ;	ID: f81bc6f2-da7d-489c-a066-2d73ef8253b6
	Domains list:mesh type	 (0, 1)		 0 


--------------------------------------------------------------------------
	Fluid regions
Total resolved Bodies 1 BodySets 1
BodySet 0	Material: Air; 
	Bodies list:
			#0	Name: ;	ID: f81bc6f2-da7d-489c-a066-2d73ef8253b6
	Domains list:mesh type	 (0, 1)		 0 


--------------------------------------------------------------------------
Collect data takes...0.003 s
-----------------CModelBodies2MeshMapper::CollectData finished successfully-------------------
Saving initial mesh in: C:\Users\aleiz\OneDrive\Documents\Science-Module\2025\Soil Processing\fxp\2\2.fld .
Storing results...
	Estimated CPT size=2.870 MB.
Write section 436 takes 0.000 s
Write section 101 takes 0.000 s
Write section 400 takes 0.003 s
Write section 437 takes 0.003 s
Write mesh/bricks section: 0.007 s
Write section 408 takes 0.020 s
Write section 427 takes 0.003 s
Write msh format: 0.023 s
Write section 406 takes 0.007 s
Write section 405 takes 0.001 s
Write section 401 takes 0.015 s
Write section 402 takes 0.015 s
Write section 407 takes 0.008 s
Write section 421 takes 0.018 s
Write section 404 takes 0.002 s
Write section 416 takes 0.003 s
Write section 411 takes 0.002 s
Write section 413 takes 0.000 s
Write section 432 takes 0.000 s
Write plain bcf: 0.072 s
Write section 448 takes 0.003 s
Write section 446 takes 0.000 s
Write section 516 takes 0.000 s
	Time (write bcf): 0.105 s
X_STACK_LIST::write_x_stack_list4: started...
X_STACK_LIST::write_x_stack_list4: finished in 0.007 s
Storing results takes 0.116 s
-----------------------------------------------------------------------
Memory Working Set Current = 100.19 Mb, Memory Working Set Peak = 102.76 Mb
Memory Private Bytes Current = 103.66 Mb, Memory Private Bytes Peak = 104.70 Mb
Process Threads Number: 23
-----------------------------------------------------------------------
Cleaning memory...
-----------------------------------------------------------------------
Start to free mesher data...
MMP (gbs): locals=3, allc_sz=33.85 MB (0.00 MB), used_sz=31.48 MB, blk_sz=(0.09 MB/5.99 MB), blks-min-max=2/10 (big 0/0)
MMP (cpt_rgs): locals=0, allc_sz=0.00 MB (0.00 MB), used_sz=0.00 MB, blk_sz=(0.00 MB/0.00 MB), blks-min-max=0/0 (big 0/0)
MMP (slv_rgs): locals=0, allc_sz=0.00 MB (0.00 MB), used_sz=0.00 MB, blk_sz=(0.00 MB/0.00 MB), blks-min-max=0/0 (big 0/0)
MMP (msh): locals=16, allc_sz=2.10 MB (0.00 MB), used_sz=1.69 MB, blk_sz=(0.02 MB/0.34 MB), blks-min-max=2/7 (big 0/0)
MMP (brx): locals=16, allc_sz=5.81 MB (0.00 MB), used_sz=5.45 MB, blk_sz=(0.04 MB/0.05 MB), blks-min-max=10/13 (big 0/0)
MMP (bcf): locals=16, allc_sz=11.51 MB (0.00 MB), used_sz=9.68 MB, blk_sz=(0.03 MB/0.48 MB), blks-min-max=6/22 (big 0/0)
MMP (xsl): locals=16, allc_sz=0.58 MB (0.00 MB), used_sz=0.46 MB, blk_sz=(0.02 MB/0.02 MB), blks-min-max=2/2 (big 0/0)
Free xsl...            OK	Time=0.000 s
Free ray collector...  OK	Time=0.000 s
Free ray intersector...OK	Time=0.000 s
Free body sets...      OK	Time=0.003 s
Free Geometry DB takes 0.000 s
Free mesh conn...      OK	Time=0.000 s
Free geomsd...         OK	Time=0.000 s
Free mbricks...        OK	Time=0.000 s
Free hash info...      OK	Time=0.000 s
Free bricks-x...       OK	Time=0.000 s
Free bcf...            OK	Time=0.001 s
Free mesh h...         OK	Time=0.000 s
Free bricks arr..      OK	Time=0.000 s
Free bricks tree...    OK	Time=0.000 s
Free mesh pools...     OK	Time=0.012 s
Free bodies mapper...  OK	Time=0.000 s
Free geom crits...     OK	Time=0.000 s
Free cpt regions...    OK	Time=0.000 s
Free peculiar surfs... OK	Time=0.000 s
Free sw-geometries...  OK	Time=0.000 s
Free mesher wrk data...OK	Time=0.002 s
Total free mesher data time: 0.023 s
-----------------------------------------------------------------------
Copying... OK
CPT size=1.897 MB (1989191 bytes).
Mesh generation normally finished at	17.11.2025	22:53:49
Mesher CPU = 1 sec
Mesher is finished at	17.11.2025	22:53:49
-----------------------------------------------------------------------
Memory Working Set Current = 39.27 Mb, Memory Working Set Peak = 102.76 Mb
Memory Private Bytes Current = 36.82 Mb, Memory Private Bytes Peak = 104.70 Mb
Process Threads Number: 23
-----------------------------------------------------------------------
Algebra Pool      : mem_usage = 0.25 Mb, allocated count = 0
-----------------------------------------------------------------------
Memory Working Set Current = 39.07 Mb, Memory Working Set Peak = 102.76 Mb
Memory Private Bytes Current = 36.63 Mb, Memory Private Bytes Peak = 104.70 Mb
Process Threads Number: 23
Process Threads Number Peak: 23
-----------------------------------------------------------------------
Log ended at 17.11.2025	22:53:49
